<?xml version="1.0" encoding="UTF-8"?>
<!-- Generated by org.testng.reporters.JUnitReportReporter -->
<testsuite hostname="LAPTOP-5EACHOO7" failures="0" tests="3" name="swagLab.testingClass" time="12.293" errors="0" timestamp="2023-10-24T13:21:36 EET" skipped="0">
  <testcase classname="swagLab.testingClass" name="LoginWithStandardUSer" time="3.380"/>
  <system-out/>
  <testcase classname="swagLab.testingClass" name="LoginWithProblemUser" time="3.452"/>
  <system-out/>
  <testcase classname="swagLab.testingClass" name="LoginWithPerformanceUser" time="5.461"/>
  <system-out/>
</testsuite> <!-- swagLab.testingClass -->
